(May 31, 2022 - 01:59:49)
full header request: Host: www.reloc.tk
User-Agent: Mozilla/5.0+(compatible; UptimeRobot/2.0; http://www.uptimerobot.com/)
Accept: text/html,application/xhtml+xml,application/xml;q=0.9,*/*;q=0.8
Accept-Charset: ISO-8859-1,UTF-8;q=0.7,*;q=0.7
Accept-Encoding: gzip, deflate
Accept-Language: en-US,en;q=0.8
Cache-Control: no-cache
Referer: https://www.reloc.tk/
X-Forwarded-For: 208.115.199.18
X-Forwarded-Proto: https
X-Replit-User-Id: 
X-Replit-User-Name: 
X-Replit-User-Roles: 
X-Replit-User-Teams: 

(May 31, 2022 - 02:04:49)
full header request: Host: www.reloc.tk
User-Agent: Mozilla/5.0+(compatible; UptimeRobot/2.0; http://www.uptimerobot.com/)
Accept: text/html,application/xhtml+xml,application/xml;q=0.9,*/*;q=0.8
Accept-Charset: ISO-8859-1,UTF-8;q=0.7,*;q=0.7
Accept-Encoding: gzip, deflate
Accept-Language: en-US,en;q=0.8
Cache-Control: no-cache
Referer: https://www.reloc.tk/
X-Forwarded-For: 208.115.199.18
X-Forwarded-Proto: https
X-Replit-User-Id: 
X-Replit-User-Name: 
X-Replit-User-Roles: 
X-Replit-User-Teams: 

(May 31, 2022 - 02:09:49)
full header request: Host: www.reloc.tk
User-Agent: Mozilla/5.0+(compatible; UptimeRobot/2.0; http://www.uptimerobot.com/)
Accept: text/html,application/xhtml+xml,application/xml;q=0.9,*/*;q=0.8
Accept-Charset: ISO-8859-1,UTF-8;q=0.7,*;q=0.7
Accept-Encoding: gzip, deflate
Accept-Language: en-US,en;q=0.8
Cache-Control: no-cache
Referer: https://www.reloc.tk/
X-Forwarded-For: 208.115.199.18
X-Forwarded-Proto: https
X-Replit-User-Id: 
X-Replit-User-Name: 
X-Replit-User-Roles: 
X-Replit-User-Teams: 

(May 31, 2022 - 02:14:49)
full header request: Host: www.reloc.tk
User-Agent: Mozilla/5.0+(compatible; UptimeRobot/2.0; http://www.uptimerobot.com/)
Accept: text/html,application/xhtml+xml,application/xml;q=0.9,*/*;q=0.8
Accept-Charset: ISO-8859-1,UTF-8;q=0.7,*;q=0.7
Accept-Encoding: gzip, deflate
Accept-Language: en-US,en;q=0.8
Cache-Control: no-cache
Referer: https://www.reloc.tk/
X-Forwarded-For: 208.115.199.18
X-Forwarded-Proto: https
X-Replit-User-Id: 
X-Replit-User-Name: 
X-Replit-User-Roles: 
X-Replit-User-Teams: 

(May 31, 2022 - 02:19:49)
full header request: Host: www.reloc.tk
User-Agent: Mozilla/5.0+(compatible; UptimeRobot/2.0; http://www.uptimerobot.com/)
Accept: text/html,application/xhtml+xml,application/xml;q=0.9,*/*;q=0.8
Accept-Charset: ISO-8859-1,UTF-8;q=0.7,*;q=0.7
Accept-Encoding: gzip, deflate
Accept-Language: en-US,en;q=0.8
Cache-Control: no-cache
Referer: https://www.reloc.tk/
X-Forwarded-For: 208.115.199.18
X-Forwarded-Proto: https
X-Replit-User-Id: 
X-Replit-User-Name: 
X-Replit-User-Roles: 
X-Replit-User-Teams: 

(May 31, 2022 - 02:31:51)
full header request: Host: www.reloc.tk
User-Agent: Mozilla/5.0+(compatible; UptimeRobot/2.0; http://www.uptimerobot.com/)
Accept: text/html,application/xhtml+xml,application/xml;q=0.9,*/*;q=0.8
Accept-Charset: ISO-8859-1,UTF-8;q=0.7,*;q=0.7
Accept-Encoding: 
Accept-Language: en-US,en;q=0.8
Cache-Control: no-cache
Referer: https://www.reloc.tk/
X-Forwarded-For: 208.115.199.18
X-Forwarded-Proto: https
X-Replit-User-Id: 
X-Replit-User-Name: 
X-Replit-User-Roles: 
X-Replit-User-Teams: 

(May 31, 2022 - 02:36:51)
full header request: Host: www.reloc.tk
User-Agent: Mozilla/5.0+(compatible; UptimeRobot/2.0; http://www.uptimerobot.com/)
Accept: text/html,application/xhtml+xml,application/xml;q=0.9,*/*;q=0.8
Accept-Charset: ISO-8859-1,UTF-8;q=0.7,*;q=0.7
Accept-Encoding: gzip, deflate
Accept-Language: en-US,en;q=0.8
Cache-Control: no-cache
Referer: https://www.reloc.tk/
X-Forwarded-For: 208.115.199.18
X-Forwarded-Proto: https
X-Replit-User-Id: 
X-Replit-User-Name: 
X-Replit-User-Roles: 
X-Replit-User-Teams: 

(May 31, 2022 - 02:41:51)
full header request: Host: www.reloc.tk
User-Agent: Mozilla/5.0+(compatible; UptimeRobot/2.0; http://www.uptimerobot.com/)
Accept: text/html,application/xhtml+xml,application/xml;q=0.9,*/*;q=0.8
Accept-Charset: ISO-8859-1,UTF-8;q=0.7,*;q=0.7
Accept-Encoding: gzip, deflate
Accept-Language: en-US,en;q=0.8
Cache-Control: no-cache
Referer: https://www.reloc.tk/
X-Forwarded-For: 208.115.199.18
X-Forwarded-Proto: https
X-Replit-User-Id: 
X-Replit-User-Name: 
X-Replit-User-Roles: 
X-Replit-User-Teams: 

(May 31, 2022 - 02:46:51)
full header request: Host: www.reloc.tk
User-Agent: Mozilla/5.0+(compatible; UptimeRobot/2.0; http://www.uptimerobot.com/)
Accept: text/html,application/xhtml+xml,application/xml;q=0.9,*/*;q=0.8
Accept-Charset: ISO-8859-1,UTF-8;q=0.7,*;q=0.7
Accept-Encoding: gzip, deflate
Accept-Language: en-US,en;q=0.8
Cache-Control: no-cache
Referer: https://www.reloc.tk/
X-Forwarded-For: 208.115.199.18
X-Forwarded-Proto: https
X-Replit-User-Id: 
X-Replit-User-Name: 
X-Replit-User-Roles: 
X-Replit-User-Teams: 

(May 31, 2022 - 02:51:52)
full header request: Host: www.reloc.tk
User-Agent: Mozilla/5.0+(compatible; UptimeRobot/2.0; http://www.uptimerobot.com/)
Accept: text/html,application/xhtml+xml,application/xml;q=0.9,*/*;q=0.8
Accept-Charset: ISO-8859-1,UTF-8;q=0.7,*;q=0.7
Accept-Encoding: gzip, deflate
Accept-Language: en-US,en;q=0.8
Cache-Control: no-cache
Referer: https://www.reloc.tk/
X-Forwarded-For: 208.115.199.18
X-Forwarded-Proto: https
X-Replit-User-Id: 
X-Replit-User-Name: 
X-Replit-User-Roles: 
X-Replit-User-Teams: 

(May 31, 2022 - 02:56:51)
full header request: Host: www.reloc.tk
User-Agent: Mozilla/5.0+(compatible; UptimeRobot/2.0; http://www.uptimerobot.com/)
Accept: text/html,application/xhtml+xml,application/xml;q=0.9,*/*;q=0.8
Accept-Charset: ISO-8859-1,UTF-8;q=0.7,*;q=0.7
Accept-Encoding: gzip, deflate
Accept-Language: en-US,en;q=0.8
Cache-Control: no-cache
Referer: https://www.reloc.tk/
X-Forwarded-For: 208.115.199.18
X-Forwarded-Proto: https
X-Replit-User-Id: 
X-Replit-User-Name: 
X-Replit-User-Roles: 
X-Replit-User-Teams: 

(May 31, 2022 - 03:01:51)
full header request: Host: www.reloc.tk
User-Agent: Mozilla/5.0+(compatible; UptimeRobot/2.0; http://www.uptimerobot.com/)
Accept: text/html,application/xhtml+xml,application/xml;q=0.9,*/*;q=0.8
Accept-Charset: ISO-8859-1,UTF-8;q=0.7,*;q=0.7
Accept-Encoding: gzip, deflate
Accept-Language: en-US,en;q=0.8
Cache-Control: no-cache
Referer: https://www.reloc.tk/
X-Forwarded-For: 208.115.199.18
X-Forwarded-Proto: https
X-Replit-User-Id: 
X-Replit-User-Name: 
X-Replit-User-Roles: 
X-Replit-User-Teams: 

(May 31, 2022 - 03:06:51)
full header request: Host: www.reloc.tk
User-Agent: Mozilla/5.0+(compatible; UptimeRobot/2.0; http://www.uptimerobot.com/)
Accept: text/html,application/xhtml+xml,application/xml;q=0.9,*/*;q=0.8
Accept-Charset: ISO-8859-1,UTF-8;q=0.7,*;q=0.7
Accept-Encoding: gzip, deflate
Accept-Language: en-US,en;q=0.8
Cache-Control: no-cache
Referer: https://www.reloc.tk/
X-Forwarded-For: 208.115.199.18
X-Forwarded-Proto: https
X-Replit-User-Id: 
X-Replit-User-Name: 
X-Replit-User-Roles: 
X-Replit-User-Teams: 

(May 31, 2022 - 03:11:51)
full header request: Host: www.reloc.tk
User-Agent: Mozilla/5.0+(compatible; UptimeRobot/2.0; http://www.uptimerobot.com/)
Accept: text/html,application/xhtml+xml,application/xml;q=0.9,*/*;q=0.8
Accept-Charset: ISO-8859-1,UTF-8;q=0.7,*;q=0.7
Accept-Encoding: gzip, deflate
Accept-Language: en-US,en;q=0.8
Cache-Control: no-cache
Referer: https://www.reloc.tk/
X-Forwarded-For: 208.115.199.18
X-Forwarded-Proto: https
X-Replit-User-Id: 
X-Replit-User-Name: 
X-Replit-User-Roles: 
X-Replit-User-Teams: 

(May 31, 2022 - 03:16:51)
full header request: Host: www.reloc.tk
User-Agent: Mozilla/5.0+(compatible; UptimeRobot/2.0; http://www.uptimerobot.com/)
Accept: text/html,application/xhtml+xml,application/xml;q=0.9,*/*;q=0.8
Accept-Charset: ISO-8859-1,UTF-8;q=0.7,*;q=0.7
Accept-Encoding: gzip, deflate
Accept-Language: en-US,en;q=0.8
Cache-Control: no-cache
Referer: https://www.reloc.tk/
X-Forwarded-For: 208.115.199.18
X-Forwarded-Proto: https
X-Replit-User-Id: 
X-Replit-User-Name: 
X-Replit-User-Roles: 
X-Replit-User-Teams: 

(May 31, 2022 - 03:21:51)
full header request: Host: www.reloc.tk
User-Agent: Mozilla/5.0+(compatible; UptimeRobot/2.0; http://www.uptimerobot.com/)
Accept: text/html,application/xhtml+xml,application/xml;q=0.9,*/*;q=0.8
Accept-Charset: ISO-8859-1,UTF-8;q=0.7,*;q=0.7
Accept-Encoding: gzip, deflate
Accept-Language: en-US,en;q=0.8
Cache-Control: no-cache
Referer: https://www.reloc.tk/
X-Forwarded-For: 208.115.199.18
X-Forwarded-Proto: https
X-Replit-User-Id: 
X-Replit-User-Name: 
X-Replit-User-Roles: 
X-Replit-User-Teams: 

(May 31, 2022 - 03:25:55)
full header request: Host: 68e4e002-91f5-446f-98a8-9add654ca897.id.repl.co
User-Agent: Mozilla/5.0 (Windows NT 10.0; Win64; x64) AppleWebKit/537.36 (KHTML, like Gecko) Chrome/102.0.5005.61 Safari/537.36
Accept: */*
Accept-Encoding: gzip, deflate, br
Accept-Language: en-US,en;q=0.9
Referer: https://68e4e002-91f5-446f-98a8-9add654ca897.id.repl.co/__devtools_wrapper.html
Sec-Fetch-Dest: empty
Sec-Fetch-Mode: cors
Sec-Fetch-Site: same-origin
Sec-Gpc: 1
X-Forwarded-For: 49.149.65.8
X-Forwarded-Proto: https
X-Replit-User-Id: 
X-Replit-User-Name: 
X-Replit-User-Roles: 
X-Replit-User-Teams: 

(May 31, 2022 - 03:26:51)
full header request: Host: www.reloc.tk
User-Agent: Mozilla/5.0+(compatible; UptimeRobot/2.0; http://www.uptimerobot.com/)
Accept: text/html,application/xhtml+xml,application/xml;q=0.9,*/*;q=0.8
Accept-Charset: ISO-8859-1,UTF-8;q=0.7,*;q=0.7
Accept-Encoding: 
Accept-Language: en-US,en;q=0.8
Cache-Control: no-cache
Referer: https://www.reloc.tk/
X-Forwarded-For: 208.115.199.18
X-Forwarded-Proto: https
X-Replit-User-Id: 
X-Replit-User-Name: 
X-Replit-User-Roles: 
X-Replit-User-Teams: 

